[debug] [2017-09-12T17:06:09.765Z] ----------------------------------------------------------------------
[debug] [2017-09-12T17:06:09.768Z] Command:       C:\Program Files\nodejs\node.exe C:\Users\aksha\AppData\Roaming\npm\node_modules\firebase-tools\bin\firebase deploy
[debug] [2017-09-12T17:06:09.769Z] CLI Version:   3.10.1
[debug] [2017-09-12T17:06:09.769Z] Platform:      win32
[debug] [2017-09-12T17:06:09.769Z] Node Version:  v6.11.2
[debug] [2017-09-12T17:06:09.769Z] Time:          Tue Sep 12 2017 13:06:09 GMT-0400 (Eastern Daylight Time)
[debug] [2017-09-12T17:06:09.769Z] ----------------------------------------------------------------------
[debug] 
[debug] [2017-09-12T17:06:09.786Z] > command requires scopes: ["email","openid","https://www.googleapis.com/auth/cloudplatformprojects.readonly","https://www.googleapis.com/auth/firebase","https://www.googleapis.com/auth/cloud-platform"]
[debug] [2017-09-12T17:06:09.787Z] > authorizing via signed-in user
[debug] [2017-09-12T17:06:09.789Z] > refreshing access token with scopes: ["email","https://www.googleapis.com/auth/cloud-platform","https://www.googleapis.com/auth/cloudplatformprojects.readonly","https://www.googleapis.com/auth/firebase","openid"]
[debug] [2017-09-12T17:06:09.789Z] >>> HTTP REQUEST POST https://www.googleapis.com/oauth2/v3/token { refresh_token: '1/YdFpZHS1HqW113mApcPmewZUfBsJTZut2UqsmVsiVsA',
  client_id: '563584335869-fgrhgmd47bqnekij5i8b5pr03ho849e6.apps.googleusercontent.com',
  client_secret: 'j9iVZfS8kkCEFUPaAeJV0sAi',
  grant_type: 'refresh_token',
  scope: 'email https://www.googleapis.com/auth/cloud-platform https://www.googleapis.com/auth/cloudplatformprojects.readonly https://www.googleapis.com/auth/firebase openid' } 
 Tue Sep 12 2017 13:06:09 GMT-0400 (Eastern Daylight Time)
[debug] [2017-09-12T17:06:10.021Z] <<< HTTP RESPONSE 200
[debug] [2017-09-12T17:06:10.074Z] >>> HTTP REQUEST GET https://admin.firebase.com/v1/projects/qaqc-f9eac  
 Tue Sep 12 2017 13:06:10 GMT-0400 (Eastern Daylight Time)
[debug] [2017-09-12T17:06:10.444Z] <<< HTTP RESPONSE 200
[debug] [2017-09-12T17:06:10.445Z] >>> HTTP REQUEST GET https://admin.firebase.com/v1/database/qaqc-f9eac/tokens  
 Tue Sep 12 2017 13:06:10 GMT-0400 (Eastern Daylight Time)
[debug] [2017-09-12T17:06:10.811Z] <<< HTTP RESPONSE 200
